<?xml version="1.0" encoding="UTF-8"?>
<!-- Generated by org.testng.reporters.JUnitReportReporter -->
<testsuite hostname="D90D3CQ1" name="com.scripts.desktopGNG.neonReg" tests="1" failures="0" timestamp="16 May 2017 06:37:40 GMT" time="68.792" errors="0">
  <testcase name="RegisterAndDeposit" time="68.792" classname="com.scripts.desktopGNG.neonReg"/>
</testsuite> <!-- com.scripts.desktopGNG.neonReg -->
