<?xml version="1.0" encoding="UTF-8"?>
<!-- Generated by org.testng.reporters.JUnitReportReporter -->
<testsuite hostname="D90D3CQ1" name="com.scripts.desktopMecca.Deposit__Skrill" tests="1" failures="0" timestamp="10 Feb 2017 12:22:29 GMT" time="72.796" errors="0">
  <testcase name="depositSkrill" time="72.796" classname="com.scripts.desktopMecca.Deposit__Skrill"/>
</testsuite> <!-- com.scripts.desktopMecca.Deposit__Skrill -->
