<?xml version="1.0" encoding="UTF-8"?>
<!-- Generated by org.testng.reporters.JUnitReportReporter -->
<testsuite hostname="D90D3CQ1" name="com.scripts.mobileMecca.Mobile_ClubFinder" tests="1" failures="0" timestamp="14 Feb 2017 10:44:31 GMT" time="85.737" errors="0">
  <testcase name="CheckCSS" time="85.737" classname="com.scripts.mobileMecca.Mobile_ClubFinder"/>
</testsuite> <!-- com.scripts.mobileMecca.Mobile_ClubFinder -->
