<?xml version="1.0" encoding="UTF-8"?>
<!-- Generated by org.testng.reporters.JUnitReportReporter -->
<testsuite hostname="D90D3CQ1" name="com.scripts.mobileMecca.Mobile_Deposit__Credit_Card" tests="1" failures="0" timestamp="14 Feb 2017 10:44:31 GMT" time="790.056" errors="0">
  <testcase name="depositCreditCard" time="790.056" classname="com.scripts.mobileMecca.Mobile_Deposit__Credit_Card"/>
</testsuite> <!-- com.scripts.mobileMecca.Mobile_Deposit__Credit_Card -->
