<?xml version="1.0" encoding="UTF-8"?>
<!-- Generated by org.testng.reporters.JUnitReportReporter -->
<testsuite hostname="D90D3CQ1" name="com.scripts.PAM.ChangeLimitsFunctionality" tests="1" failures="0" timestamp="15 Feb 2017 04:59:36 GMT" time="29.693" errors="0">
  <testcase name="createBonus" time="29.693" classname="com.scripts.PAM.ChangeLimitsFunctionality"/>
</testsuite> <!-- com.scripts.PAM.ChangeLimitsFunctionality -->
