<?xml version="1.0" encoding="UTF-8"?>
<!-- Generated by org.testng.reporters.JUnitReportReporter -->
<testsuite hostname="D90D3CQ1" name="com.scripts.PAM.RetrieveMessageFunctionality" tests="1" failures="0" timestamp="20 Jan 2017 10:26:46 GMT" time="63.028" errors="0">
  <testcase name="createBonus" time="63.028" classname="com.scripts.PAM.RetrieveMessageFunctionality"/>
</testsuite> <!-- com.scripts.PAM.RetrieveMessageFunctionality -->
