<?xml version="1.0" encoding="UTF-8"?>
<!-- Generated by org.testng.reporters.JUnitReportReporter -->
<testsuite hostname="D79167BS" name="com.scripts.desktopGNG.neonReg" tests="1" failures="0" timestamp="18 May 2017 08:23:50 GMT" time="79.639" errors="0">
  <testcase name="RegisterAndDeposit" time="79.639" classname="com.scripts.desktopGNG.neonReg"/>
</testsuite> <!-- com.scripts.desktopGNG.neonReg -->
