<?xml version="1.0" encoding="UTF-8"?>
<!-- Generated by org.testng.reporters.JUnitReportReporter -->
<testsuite hostname="D79167BS" name="com.scripts.noen.CashierAndManagerTC.BalanceDetailsVerification" tests="1" failures="0" timestamp="18 May 2017 10:29:57 GMT" time="39.255" errors="0">
  <testcase name="checkBalanceDetails" time="39.255" classname="com.scripts.noen.CashierAndManagerTC.BalanceDetailsVerification"/>
</testsuite> <!-- com.scripts.noen.CashierAndManagerTC.BalanceDetailsVerification -->
