<?xml version="1.0" encoding="UTF-8"?>
<!-- Generated by org.testng.reporters.JUnitReportReporter -->
<testsuite hostname="D9B167BS" name="com.scripts.desktopMecca.AccountPageValidation_MB" tests="1" failures="0" timestamp="27 Dec 2016 09:55:07 GMT" time="157.516" errors="0">
  <testcase name="accountFrontEnd" time="157.516" classname="com.scripts.desktopMecca.AccountPageValidation_MB"/>
</testsuite> <!-- com.scripts.desktopMecca.AccountPageValidation_MB -->
