<?xml version="1.0" encoding="UTF-8"?>
<!-- Generated by org.testng.reporters.JUnitReportReporter -->
<testsuite hostname="D90JL6Q1" name="com.scripts.mobileMecca.Mobile_Deposit__PayPal" tests="1" failures="0" timestamp="17 Feb 2017 07:35:24 GMT" time="127.840" errors="0">
  <testcase name="depositPayPal" time="127.840" classname="com.scripts.mobileMecca.Mobile_Deposit__PayPal"/>
</testsuite> <!-- com.scripts.mobileMecca.Mobile_Deposit__PayPal -->
