<?xml version="1.0" encoding="UTF-8"?>
<!-- Generated by org.testng.reporters.JUnitReportReporter -->
<testsuite hostname="D90D3CQ1" name="com.scripts.desktopMecca.DepositWithdraw_TransactionLimitValidation_FE_BE" tests="1" failures="0" timestamp="18 Jan 2017 12:16:07 GMT" time="198.022" errors="0">
  <testcase name="transactionBE" time="198.022" classname="com.scripts.desktopMecca.DepositWithdraw_TransactionLimitValidation_FE_BE"/>
</testsuite> <!-- com.scripts.desktopMecca.DepositWithdraw_TransactionLimitValidation_FE_BE -->
