<?xml version="1.0" encoding="UTF-8"?>
<!-- Generated by org.testng.reporters.JUnitReportReporter -->
<testsuite hostname="D90JL6Q1" name="com.scripts.PAM.AddNotesFunctionality" tests="1" failures="0" timestamp="2 Mar 2017 09:09:49 GMT" time="73.696" errors="0">
  <testcase name="createBonus" time="73.696" classname="com.scripts.PAM.AddNotesFunctionality"/>
</testsuite> <!-- com.scripts.PAM.AddNotesFunctionality -->
