<?xml version="1.0" encoding="UTF-8"?>
<!-- Generated by org.testng.reporters.JUnitReportReporter -->
<testsuite hostname="D90D3CQ1" name="com.generic.ChromeConsoleLogging" tests="1" failures="0" timestamp="19 Apr 2017 09:46:43 GMT" time="15.676" errors="0">
  <testcase name="testMethod" time="15.676" classname="com.generic.ChromeConsoleLogging"/>
</testsuite> <!-- com.generic.ChromeConsoleLogging -->
