<?xml version="1.0" encoding="UTF-8"?>
<!-- Generated by org.testng.reporters.JUnitReportReporter -->
<testsuite hostname="D90D3CQ1" name="com.scripts.PAM.CreateClaim_dpeositBonus_withoutWagering" tests="2" failures="0" timestamp="19 Jan 2017 06:36:16 GMT" time="50.816" errors="0">
  <testcase name="tearDown" time="0.132" classname="com.scripts.PAM.CreateClaim_dpeositBonus_withoutWagering"/>
  <testcase name="createBonus" time="50.684" classname="com.scripts.PAM.CreateClaim_dpeositBonus_withoutWagering"/>
</testsuite> <!-- com.scripts.PAM.CreateClaim_dpeositBonus_withoutWagering -->
