<?xml version="1.0" encoding="UTF-8"?>
<!-- Generated by org.testng.reporters.JUnitReportReporter -->
<testsuite hostname="D90D3CQ1" name="com.scripts.desktopGNG.LogIn_LogOut" tests="1" failures="0" timestamp="10 Apr 2017 05:57:07 GMT" time="0.010" errors="1">
  <testcase name="loginMeccaDesktop" time="0.010" classname="com.scripts.desktopGNG.LogIn_LogOut">
    <error type="java.lang.VerifyError" message="Expecting a stackmap frame at branch target 108
Exception Details:
  Location:
    com/view/desktopGNG/LoginView.login()V @9: invokestatic
  Reason:
    Expected stackmap frame at this location.
  Bytecode:
    0x0000000: b200 772a 2ab8 007d 4db8 0083 2cb6 0087
    0x0000010: 2abb 0033 592a b400 17b7 0035 b500 372a
    0x0000020: 2ab4 0027 1239 b600 3bb5 0015 2ab4 0037
    0x0000030: 2ab4 0015 b600 412a 2ab4 0027 1245 b600
    0x0000040: 3bb5 0015 2ab4 0037 2ab4 0015 b600 472a
    0x0000050: b400 37b6 004a 1400 4db8 004f a700 084c
    0x0000060: 2bb6 0055 2a01 b500 37a7 000e 4eb8 0083
    0x0000070: 2c2d b600 8b2d bf01 3a04 b800 832c 1904
    0x0000080: b600 8fb1                              
  Exception Handler Table:
    bci [86, 92] =&gt; handler: 95
    bci [9, 108] =&gt; handler: 108
">
      <![CDATA[java.lang.VerifyError: Expecting a stackmap frame at branch target 108
Exception Details:
  Location:
    com/view/desktopGNG/LoginView.login()V @9: invokestatic
  Reason:
    Expected stackmap frame at this location.
  Bytecode:
    0x0000000: b200 772a 2ab8 007d 4db8 0083 2cb6 0087
    0x0000010: 2abb 0033 592a b400 17b7 0035 b500 372a
    0x0000020: 2ab4 0027 1239 b600 3bb5 0015 2ab4 0037
    0x0000030: 2ab4 0015 b600 412a 2ab4 0027 1245 b600
    0x0000040: 3bb5 0015 2ab4 0037 2ab4 0015 b600 472a
    0x0000050: b400 37b6 004a 1400 4db8 004f a700 084c
    0x0000060: 2bb6 0055 2a01 b500 37a7 000e 4eb8 0083
    0x0000070: 2c2d b600 8b2d bf01 3a04 b800 832c 1904
    0x0000080: b600 8fb1                              
  Exception Handler Table:
    bci [86, 92] => handler: 95
    bci [9, 108] => handler: 108

	at com.scripts.desktopGNG.LogIn_LogOut.setUp(LogIn_LogOut.java:34)
	at sun.reflect.NativeMethodAccessorImpl.invoke0(Native Method)
	at sun.reflect.NativeMethodAccessorImpl.invoke(NativeMethodAccessorImpl.java:62)
	at sun.reflect.DelegatingMethodAccessorImpl.invoke(DelegatingMethodAccessorImpl.java:43)
	at java.lang.reflect.Method.invoke(Method.java:498)
	at org.testng.internal.MethodInvocationHelper.invokeMethod(MethodInvocationHelper.java:85)
	at org.testng.internal.Invoker.invokeConfigurationMethod(Invoker.java:510)
	at org.testng.internal.Invoker.invokeConfigurations(Invoker.java:211)
	at org.testng.internal.Invoker.invokeConfigurations(Invoker.java:138)
	at org.testng.internal.TestMethodWorker.invokeBeforeClassMethods(TestMethodWorker.java:170)
	at org.testng.internal.TestMethodWorker.run(TestMethodWorker.java:104)
	at org.testng.TestRunner.privateRun(TestRunner.java:773)
	at org.testng.TestRunner.run(TestRunner.java:623)
	at org.testng.SuiteRunner.runTest(SuiteRunner.java:357)
	at org.testng.SuiteRunner.runSequentially(SuiteRunner.java:352)
	at org.testng.SuiteRunner.privateRun(SuiteRunner.java:310)
	at org.testng.SuiteRunner.run(SuiteRunner.java:259)
	at org.testng.SuiteRunnerWorker.runSuite(SuiteRunnerWorker.java:52)
	at org.testng.SuiteRunnerWorker.run(SuiteRunnerWorker.java:86)
	at org.testng.TestNG.runSuitesSequentially(TestNG.java:1185)
	at org.testng.TestNG.runSuitesLocally(TestNG.java:1110)
	at org.testng.TestNG.run(TestNG.java:1018)
	at org.testng.remote.AbstractRemoteTestNG.run(AbstractRemoteTestNG.java:132)
	at org.testng.remote.RemoteTestNG.initAndRun(RemoteTestNG.java:236)
	at org.testng.remote.RemoteTestNG.main(RemoteTestNG.java:81)
]]>
    </error>
  </testcase> <!-- loginMeccaDesktop -->
</testsuite> <!-- com.scripts.desktopGNG.LogIn_LogOut -->
