<?xml version="1.0" encoding="UTF-8"?>
<!-- Generated by org.testng.reporters.JUnitReportReporter -->
<testsuite hostname="D90D3CQ1" name="com.scripts.mobileMecca.Mobile_AndroidAppBannerValidation_MB" tests="1" failures="0" timestamp="3 Feb 2017 05:26:21 GMT" time="461.669" errors="0">
  <testcase name="loginMobile" time="461.669" classname="com.scripts.mobileMecca.Mobile_AndroidAppBannerValidation_MB"/>
</testsuite> <!-- com.scripts.mobileMecca.Mobile_AndroidAppBannerValidation_MB -->
