<?xml version="1.0" encoding="UTF-8"?>
<!-- Generated by org.testng.reporters.JUnitReportReporter -->
<testsuite hostname="D90D3CQ1" name="com.scripts.PAM.SelfExclusion_BE" tests="1" failures="0" timestamp="20 Jan 2017 10:36:19 GMT" time="56.380" errors="0">
  <testcase name="transactionFE" time="56.380" classname="com.scripts.PAM.SelfExclusion_BE"/>
</testsuite> <!-- com.scripts.PAM.SelfExclusion_BE -->
