<?xml version="1.0" encoding="UTF-8"?>
<!-- Generated by org.testng.reporters.JUnitReportReporter -->
<testsuite hostname="D90JL6Q1" name="com.scripts.mobileMecca.Mobile_LoginLogout_MB" tests="1" failures="0" timestamp="27 Feb 2017 08:10:21 GMT" time="30.210" errors="0">
  <testcase name="loginMobile" time="30.210" classname="com.scripts.mobileMecca.Mobile_LoginLogout_MB"/>
</testsuite> <!-- com.scripts.mobileMecca.Mobile_LoginLogout_MB -->
