<?xml version="1.0" encoding="UTF-8"?>
<!-- Generated by org.testng.reporters.JUnitReportReporter -->
<testsuite hostname="D90D3CQ1" name="com.scripts.desktopMecca.ClubFinder" tests="1" failures="0" timestamp="10 Feb 2017 12:29:55 GMT" time="12.763" errors="0">
  <testcase name="CheckCSS" time="12.763" classname="com.scripts.desktopMecca.ClubFinder"/>
</testsuite> <!-- com.scripts.desktopMecca.ClubFinder -->
