<?xml version="1.0" encoding="UTF-8"?>
<!-- Generated by org.testng.reporters.JUnitReportReporter -->
<testsuite hostname="D90D3CQ1" name="com.scripts.desktopMecca.Withdraw_CC" tests="1" failures="0" timestamp="24 Jan 2017 07:48:49 GMT" time="431.304" errors="0">
  <testcase name="withdrawPayPal" time="431.304" classname="com.scripts.desktopMecca.Withdraw_CC"/>
</testsuite> <!-- com.scripts.desktopMecca.Withdraw_CC -->
