<?xml version="1.0" encoding="UTF-8"?>
<!-- Generated by org.testng.reporters.JUnitReportReporter -->
<testsuite hostname="D90D3CQ1" name="com.scripts.desktopMecca.TransactionHistory_FE_BE" tests="1" failures="0" timestamp="17 Jan 2017 09:54:11 GMT" time="142.121" errors="0">
  <testcase name="transactionFE" time="142.121" classname="com.scripts.desktopMecca.TransactionHistory_FE_BE"/>
</testsuite> <!-- com.scripts.desktopMecca.TransactionHistory_FE_BE -->
