<?xml version="1.0" encoding="UTF-8"?>
<!-- Generated by org.testng.reporters.JUnitReportReporter -->
<testsuite hostname="D90D3CQ1" name="com.scripts.mobileMecca.Mobile_AccountPageValidation_MB" tests="1" failures="0" timestamp="14 Feb 2017 10:44:31 GMT" time="130.004" errors="0">
  <testcase name="accountFrontEnd" time="130.004" classname="com.scripts.mobileMecca.Mobile_AccountPageValidation_MB"/>
</testsuite> <!-- com.scripts.mobileMecca.Mobile_AccountPageValidation_MB -->
